Environment variables:
  - =C:=C:\Users\SereiPonna\EcilpseWorkspace\KIT-Automation-Testing
  - ALLUSERSPROFILE=C:\ProgramData
  - APPDATA=C:\Users\SereiPonna\AppData\Roaming
  - COMPUTERNAME=DESKTOP-685FSSA
  - ComSpec=C:\Windows\system32\cmd.exe
  - CommonProgramFiles=C:\Program Files\Common Files
  - CommonProgramFiles(x86)=C:\Program Files (x86)\Common Files
  - CommonProgramW6432=C:\Program Files\Common Files
  - ERROR_CODE=0
  - HOMEDRIVE=C:
  - HOMEPATH=\Users\SereiPonna
  - JAVA_EXEC="C:\ProgramData\Oracle\Java\javapath\java.exe"
  - LOCALAPPDATA=C:\Users\SereiPonna\AppData\Local
  - LOGONSERVER=\\DESKTOP-685FSSA
  - NUMBER_OF_PROCESSORS=4
  - OS=Windows_NT
  - OneDrive=C:\Users\SereiPonna\OneDrive
  - PATHEXT=.COM;.EXE;.BAT;.CMD;.VBS;.VBE;.JS;.JSE;.WSF;.WSH;.MSC;.RB;.RBW
  - PROCESSOR_ARCHITECTURE=AMD64
  - PROCESSOR_IDENTIFIER=Intel64 Family 6 Model 69 Stepping 1, GenuineIntel
  - PROCESSOR_LEVEL=6
  - PROCESSOR_REVISION=4501
  - PROJECT_HOME=C:\Users\SereiPonna\EcilpseWorkspace\KIT-Automation-Testing
  - PROMPT=$P$G
  - PSModulePath=C:\Program Files\WindowsPowerShell\Modules;C:\Windows\system32\WindowsPowerShell\v1.0\Modules
  - PUBLIC=C:\Users\Public
  - Path=C:\ProgramData\Oracle\Java\javapath;C:\Program Files (x86)\Intel\iCLS Client\;C:\Program Files\Intel\iCLS Client\;C:\Windows\system32;C:\Windows;C:\Windows\System32\Wbem;C:\Windows\System32\WindowsPowerShell\v1.0\;C:\Program Files\Java\jdk1.8.0_101\bin;C:\Program Files (x86)\AMD\ATI.ACE\Core-Static;C:\Program Files\Intel\WiFi\bin\;C:\Program Files\Common Files\Intel\WirelessCommon\;C:\Program Files\Intel\Intel(R) Management Engine Components\DAL;C:\Program Files\Intel\Intel(R) Management Engine Components\IPT;C:\Program Files (x86)\Intel\Intel(R) Management Engine Components\DAL;C:\Program Files (x86)\Intel\Intel(R) Management Engine Components\IPT;C:\Program Files (x86)\QuickTime\QTSystem\;C:\Program Files\TDM-GCC-64\bin;C:\Program Files\Microsoft SQL Server\110\Tools\Binn\;C:\Program Files\Git\cmd;C:\Program Files (x86)\Brackets\command;C:\sonarqube\sonarqube-6.2\bin\windows-x86-64;C:\sonarqube\sonar-scanner-2.8\bin;C:\Program Files\MySQL\MySQL Server 5.7\bin;C:\Ruby23-x64\bin;C:\Users\SereiPonna\AppData\Local\Programs\Python\Python36-32\Scripts\;C:\Users\SereiPonna\AppData\Local\Programs\Python\Python36-32\;C:\Users\SereiPonna\AppData\Local\Programs\Python\Python35-32\Scripts\;C:\Users\SereiPonna\AppData\Local\Programs\Python\Python35-32\;C:\Users\SereiPonna\AppData\Local\Microsoft\WindowsApps;C:\Users\SereiPonna\AppData\Local\atom\bin;C:\Program Files\Intel\WiFi\bin\;C:\Program Files\Common Files\Intel\WirelessCommon\
  - ProgramData=C:\ProgramData
  - ProgramFiles=C:\Program Files
  - ProgramFiles(x86)=C:\Program Files (x86)
  - ProgramW6432=C:\Program Files
  - SESSIONNAME=Console
  - SONAR_SCANNER_HOME=C:\sonarqube\sonar-scanner-2.8\bin\..
  - SystemDrive=C:
  - SystemRoot=C:\Windows
  - TEMP=C:\Users\SEREIP~1\AppData\Local\Temp
  - TMP=C:\Users\SEREIP~1\AppData\Local\Temp
  - USERDOMAIN=DESKTOP-685FSSA
  - USERDOMAIN_ROAMINGPROFILE=DESKTOP-685FSSA
  - USERNAME=SereiPonna
  - USERPROFILE=C:\Users\SereiPonna
  - asl.log=Destination=file
  - windir=C:\Windows
System properties:
  - awt.toolkit=sun.awt.windows.WToolkit
  - file.encoding=Cp1252
  - file.encoding.pkg=sun.io
  - file.separator=\
  - java.awt.graphicsenv=sun.awt.Win32GraphicsEnvironment
  - java.awt.headless=true
  - java.awt.printerjob=sun.awt.windows.WPrinterJob
  - java.class.path=C:\sonarqube\sonar-scanner-2.8\bin\..\lib\sonar-scanner-cli-2.8.jar
  - java.class.version=52.0
  - java.endorsed.dirs=C:\Program Files\Java\jre1.8.0_111\lib\endorsed
  - java.ext.dirs=C:\Program Files\Java\jre1.8.0_111\lib\ext;C:\Windows\Sun\Java\lib\ext
  - java.home=C:\Program Files\Java\jre1.8.0_111
  - java.io.tmpdir=C:\Users\SEREIP~1\AppData\Local\Temp\
  - java.library.path=C:\ProgramData\Oracle\Java\javapath;C:\Windows\Sun\Java\bin;C:\Windows\system32;C:\Windows;C:\ProgramData\Oracle\Java\javapath;C:\Program Files (x86)\Intel\iCLS Client\;C:\Program Files\Intel\iCLS Client\;C:\Windows\system32;C:\Windows;C:\Windows\System32\Wbem;C:\Windows\System32\WindowsPowerShell\v1.0\;C:\Program Files\Java\jdk1.8.0_101\bin;C:\Program Files (x86)\AMD\ATI.ACE\Core-Static;C:\Program Files\Intel\WiFi\bin\;C:\Program Files\Common Files\Intel\WirelessCommon\;C:\Program Files\Intel\Intel(R) Management Engine Components\DAL;C:\Program Files\Intel\Intel(R) Management Engine Components\IPT;C:\Program Files (x86)\Intel\Intel(R) Management Engine Components\DAL;C:\Program Files (x86)\Intel\Intel(R) Management Engine Components\IPT;C:\Program Files (x86)\QuickTime\QTSystem\;C:\Program Files\TDM-GCC-64\bin;C:\Program Files\Microsoft SQL Server\110\Tools\Binn\;C:\Program Files\Git\cmd;C:\Program Files (x86)\Brackets\command;C:\sonarqube\sonarqube-6.2\bin\windows-x86-64;C:\sonarqube\sonar-scanner-2.8\bin;C:\Program Files\MySQL\MySQL Server 5.7\bin;C:\Ruby23-x64\bin;C:\Users\SereiPonna\AppData\Local\Programs\Python\Python36-32\Scripts\;C:\Users\SereiPonna\AppData\Local\Programs\Python\Python36-32\;C:\Users\SereiPonna\AppData\Local\Programs\Python\Python35-32\Scripts\;C:\Users\SereiPonna\AppData\Local\Programs\Python\Python35-32\;C:\Users\SereiPonna\AppData\Local\Microsoft\WindowsApps;C:\Users\SereiPonna\AppData\Local\atom\bin;C:\Program Files\Intel\WiFi\bin\;C:\Program Files\Common Files\Intel\WirelessCommon\;.
  - java.runtime.name=Java(TM) SE Runtime Environment
  - java.runtime.version=1.8.0_111-b14
  - java.specification.name=Java Platform API Specification
  - java.specification.vendor=Oracle Corporation
  - java.specification.version=1.8
  - java.vendor=Oracle Corporation
  - java.vendor.url=http://java.oracle.com/
  - java.vendor.url.bug=http://bugreport.sun.com/bugreport/
  - java.version=1.8.0_111
  - java.vm.info=mixed mode
  - java.vm.name=Java HotSpot(TM) 64-Bit Server VM
  - java.vm.specification.name=Java Virtual Machine Specification
  - java.vm.specification.vendor=Oracle Corporation
  - java.vm.specification.version=1.8
  - java.vm.vendor=Oracle Corporation
  - java.vm.version=25.111-b14
  - line.separator=

  - os.arch=amd64
  - os.name=Windows 10
  - os.version=10.0
  - path.separator=;
  - project.home=C:\Users\SereiPonna\EcilpseWorkspace\KIT-Automation-Testing
  - scanner.home=C:\sonarqube\sonar-scanner-2.8\bin\..
  - sun.arch.data.model=64
  - sun.boot.class.path=C:\Program Files\Java\jre1.8.0_111\lib\resources.jar;C:\Program Files\Java\jre1.8.0_111\lib\rt.jar;C:\Program Files\Java\jre1.8.0_111\lib\sunrsasign.jar;C:\Program Files\Java\jre1.8.0_111\lib\jsse.jar;C:\Program Files\Java\jre1.8.0_111\lib\jce.jar;C:\Program Files\Java\jre1.8.0_111\lib\charsets.jar;C:\Program Files\Java\jre1.8.0_111\lib\jfr.jar;C:\Program Files\Java\jre1.8.0_111\classes
  - sun.boot.library.path=C:\Program Files\Java\jre1.8.0_111\bin
  - sun.cpu.endian=little
  - sun.cpu.isalist=amd64
  - sun.desktop=windows
  - sun.io.unicode.encoding=UnicodeLittle
  - sun.java.command=org.sonarsource.scanner.cli.Main -X
  - sun.java.launcher=SUN_STANDARD
  - sun.jnu.encoding=Cp1252
  - sun.management.compiler=HotSpot 64-Bit Tiered Compilers
  - sun.os.patch.level=
  - sun.stderr.encoding=cp437
  - sun.stdout.encoding=cp437
  - user.country=GB
  - user.dir=C:\Users\SereiPonna\EcilpseWorkspace\KIT-Automation-Testing
  - user.home=C:\Users\SereiPonna
  - user.language=en
  - user.name=SereiPonna
  - user.script=
  - user.timezone=Asia/Bangkok
  - user.variant=
SonarQube plugins:
  - C# 5.5.1.522 (csharp)
  - GitHub 1.3 (github)
  - Java 4.4.0.8066 (java)
  - Git 1.2 (scmgit)
  - PHP 2.9.2.1744 (php)
  - SVN 1.3 (scmsvn)
  - JavaScript 2.19.0.3866 (javascript)
Global properties:
  - sonar.core.id=AVm1G6FWllJeO5CHHIKa
  - sonar.core.startTime=2017-01-21T12:29:32+0700
  - sonar.permission.template.default=default_template
  - sonar.qualitygate=1
Settings for module: kit.webtesting:Selenium-Automation-Testing
  - sonar.jdbc.url=jdbc:mysql://localhost:3306/sonar?useUnicode=true&amp;characterEncoding=utf8
  - sonar.language=java
  - sonar.projectBaseDir=C:\Users\SereiPonna\EcilpseWorkspace\KIT-Automation-Testing
  - sonar.projectKey=kit.webtesting:Selenium-Automation-Testing
  - sonar.projectName=Selenium-Automation-Testing
  - sonar.projectVersion=1.0
  - sonar.sourceEncoding=UTF-8
  - sonar.sources=src
  - sonar.verbose=true
  - sonar.working.directory=C:\Users\SereiPonna\EcilpseWorkspace\KIT-Automation-Testing\.sonar
